<?xml version="1.0" encoding="UTF-8"?>
<testng-results skipped="0" failed="0" total="2" passed="2">
  <reporter-output>
  </reporter-output>
  <suite name="Suite" duration-ms="61" started-at="2019-09-23T08:26:34Z" finished-at="2019-09-23T08:26:34Z">
    <groups>
      <group name="regression">
        <method signature="GroupTest.advancedSearch()[pri:0, instance:com.sellabs.testNG.GroupTest@3532ec19]" name="advancedSearch" class="com.sellabs.testNG.GroupTest"/>
      </group> <!-- regression -->
      <group name="sanity">
        <method signature="GroupTest.search()[pri:0, instance:com.sellabs.testNG.GroupTest@3532ec19]" name="search" class="com.sellabs.testNG.GroupTest"/>
        <method signature="GroupTest.advancedSearch()[pri:0, instance:com.sellabs.testNG.GroupTest@3532ec19]" name="advancedSearch" class="com.sellabs.testNG.GroupTest"/>
      </group> <!-- sanity -->
    </groups>
    <test name="Test" duration-ms="61" started-at="2019-09-23T08:26:34Z" finished-at="2019-09-23T08:26:34Z">
      <class name="com.sellabs.testNG.GroupTest">
        <test-method status="PASS" signature="logIn()[pri:0, instance:com.sellabs.testNG.GroupTest@3532ec19]" name="logIn" is-config="true" duration-ms="9" started-at="2019-09-23T13:56:34Z" finished-at="2019-09-23T13:56:34Z">
          <reporter-output>
          </reporter-output>
        </test-method> <!-- logIn -->
        <test-method status="PASS" signature="search()[pri:0, instance:com.sellabs.testNG.GroupTest@3532ec19]" name="search" duration-ms="14" started-at="2019-09-23T13:56:34Z" finished-at="2019-09-23T13:56:34Z">
          <reporter-output>
          </reporter-output>
        </test-method> <!-- search -->
        <test-method status="PASS" signature="advancedSearch()[pri:0, instance:com.sellabs.testNG.GroupTest@3532ec19]" name="advancedSearch" duration-ms="4" started-at="2019-09-23T13:56:34Z" depends-on-methods="com.sellabs.testNG.GroupTest.search" finished-at="2019-09-23T13:56:34Z">
          <reporter-output>
          </reporter-output>
        </test-method> <!-- advancedSearch -->
        <test-method status="PASS" signature="logOut()[pri:0, instance:com.sellabs.testNG.GroupTest@3532ec19]" name="logOut" is-config="true" duration-ms="1" started-at="2019-09-23T13:56:34Z" finished-at="2019-09-23T13:56:34Z">
          <reporter-output>
          </reporter-output>
        </test-method> <!-- logOut -->
      </class> <!-- com.sellabs.testNG.GroupTest -->
    </test> <!-- Test -->
  </suite> <!-- Suite -->
</testng-results>
